#
# A fatal error has been detected by the Java Runtime Environment:
#
#  EXCEPTION_ACCESS_VIOLATION (0xc0000005) at pc=0x00007ff9f52f48f5, pid=21344, tid=8044
#
# JRE version: OpenJDK Runtime Environment (19.0+36) (build 19+36-2238)
# Java VM: OpenJDK 64-Bit Server VM (19+36-2238, mixed mode, sharing, tiered, compressed oops, compressed class ptrs, g1 gc, windows-amd64)
# Problematic frame:
# C  [openalpr.dll+0x548f5]
#
# No core dump will be written. Minidumps are not enabled by default on client versions of Windows
#
# If you would like to submit a bug report, please visit:
#   https://bugreport.java.com/bugreport/crash.jsp
# The crash happened outside the Java Virtual Machine in native code.
# See problematic frame for where to report the bug.
#

---------------  S U M M A R Y ------------

Command Line: -javaagent:C:\Program Files\JetBrains\IntelliJ IDEA Community Edition 2021.2.3\lib\idea_rt.jar=51058:C:\Program Files\JetBrains\IntelliJ IDEA Community Edition 2021.2.3\bin -Dfile.encoding=UTF-8 com.lpr.Main

Host: Intel(R) Core(TM) i7-6700K CPU @ 4.00GHz, 8 cores, 15G,  Windows 10 , 64 bit Build 19041 (10.0.19041.1889)
Time: Tue Oct  4 20:24:08 2022 Stindows 10 , 64 bit Build 19041 (10.0.19041.1889) elapsed time: 0.450920 seconds (0d 0h 0m 0s)

---------------  T H R E A D  ---------------

Current thread (0x000002440c72e460):  JavaThread "main" [_thread_in_native, id=8044, stack(0x0000007581a00000,0x0000007581b00000)]

Stack: [0x0000007581a00000,0x0000007581b00000],  sp=0x0000007581afdd50,  free space=1015k
Native frames: (J=compiled Java code, j=interpreted, Vv=VM code, C=native code)
C  [openalpr.dll+0x548f5]

Java frames: (J=compiled Java code, j=interpreted, Vv=VM code)
j  com.openalpr.jni.Alpr.native_recognize([B)Ljava/lang/String;+0
j  com.openalpr.jni.Alpr.recognize([B)Lcom/openalpr/jni/AlprResults;+2
j  com.lpr.Main.main([Ljava/lang/String;)V+61
v  ~StubRoutines::call_stub 0x000002441d3b100e

siginfo: EXCEPTION_ACCESS_VIOLATION (0xc0000005), reading address 0x0000000000000008


Registers:
RAX=0x0000b67b79563db2, RBX=0x0000007581afe630, RCX=0x0000000000000000, RDX=0x0000007581afe870
RSP=0x0000007581afdd50, RBP=0x0000007581afde50, RSI=0x0000000000000000, RDI=0x0000007581afe870
R8 =0x0000007581afe630, R9 =0x0000007581afe008, R10=0x0000000000000100, R11=0x87e2918fcfff55fe
R12=0x0000000000000000, R13=0x0000000000000000, R14=0x0000007581afeb20, R15=0x0000024435f95630
RIP=0x00007ff9f52f48f5, EFLAGS=0x0000000000010246


Register to memory mapping:

RIP=0x00007ff9f52f48f5 openalpr.dll
RAX=0x0000b67b79563db2 is an unknown value
RBX=0x0000007581afe630 is pointing into the stack for thread: 0x000002440c72e460
RCX=0x0 is NULL
RDX=0x0000007581afe870 is pointing into the stack for thread: 0x000002440c72e460
RSP=0x0000007581afdd50 is pointing into the stack for thread: 0x000002440c72e460
RBP=0x0000007581afde50 is pointing into the stack for thread: 0x000002440c72e460
RSI=0x0 is NULL
RDI=0x0000007581afe870 is pointing into the stack for thread: 0x000002440c72e460
R8 =0x0000007581afe630 is pointing into the stack for thread: 0x000002440c72e460
R9 =0x0000007581afe008 is pointing into the stack for thread: 0x000002440c72e460
R10=0x0000000000000100 is an unknown value
R11=0x87e2918fcfff55fe is an unknown value
R12=0x0 is NULL
R13=0x0 is NULL
R14=0x0000007581afeb20 is pointing into the stack for thread: 0x000002440c72e460
R15=0x0000024435f95630 points into unknown readable memory: 0x00007ff9f547eb10 | 10 eb 47 f5 f9 7f 00 00


Top of Stack: (sp=0x0000007581afdd50)
0x0000007581afdd50:   0000000000000020 000002440c540cc0
0x0000007581afdd60:   000a9724000a8401 0000000000000000
0x0000007581afdd70:   0000000000000000 0000000000000020
0x0000007581afdd80:   0000000000000010 0000000000000004
0x0000007581afdd90:   000002440c5f0000 0000007581afde59
0x0000007581afdda0:   0000000000000002 00007ffa65bbb3c7
0x0000007581afddb0:   0000024400000000 000c3c2600000000
0x0000007581afddc0:   0000000000000010 000c88b200000000
0x0000007581afddd0:   000caef8000c9bd5 000cd53e000cc21b
0x0000007581afdde0:   00000002000ce861 000d21ca000d0ea7
0x0000007581afddf0:   000d4810000d34ed 000d6e56000d5b33
0x0000007581afde00:   000d949c000d8179 0000000000000000
0x0000007581afde10:   000de128000dce05 000e076e000df44b
0x0000007581afde20:   000e2db4000e1a91 000e53fa000e40d7
0x0000007581afde30:   fffffffffffffffe 0000007581afe870
0x0000007581afde40:   0000007581afe630 000eed12000ed9ef 

Instructions: (pc=0x00007ff9f52f48f5)
0x00007ff9f52f47f5:   94 00 00 00 ff 15 d9 79 18 00 48 8b c8 48 8d 15
0x00007ff9f52f4805:   af ea 18 00 e8 d2 7f fb ff 48 8b c8 f3 0f 10 8f
0x00007ff9f52f4815:   98 00 00 00 ff 15 b9 79 18 00 48 8b c8 48 8d 15
0x00007ff9f52f4825:   8f ea 18 00 e8 b2 7f fb ff 48 8b c8 f3 0f 10 8f
0x00007ff9f52f4835:   8c 00 00 00 ff 15 99 79 18 00 48 8b c8 48 8d 15
0x00007ff9f52f4845:   6f ea 18 00 e8 92 7f fb ff 48 8b c8 f3 0f 10 8f
0x00007ff9f52f4855:   90 00 00 00 ff 15 79 79 18 00 48 8b d3 48 8d 4c
0x00007ff9f52f4865:   24 30 e8 34 66 fc ff 90 48 8d 8c 24 c8 00 00 00
0x00007ff9f52f4875:   e8 a6 d7 fb ff 48 8d 8c 24 c8 00 00 00 ff 15 68
0x00007ff9f52f4885:   7a 18 00 48 8b c3 4c 8d 9c 24 30 01 00 00 49 8b
0x00007ff9f52f4895:   5b 18 49 8b 73 20 49 8b e3 5f c3 48 8b c4 55 53
0x00007ff9f52f48a5:   56 57 41 54 41 56 41 57 48 8d a8 b8 fe ff ff 48
0x00007ff9f52f48b5:   81 ec 10 02 00 00 48 c7 45 e0 fe ff ff ff 0f 29
0x00007ff9f52f48c5:   70 b8 0f 29 78 a8 48 8b 05 1e 0a 25 00 48 33 c4
0x00007ff9f52f48d5:   48 89 85 e0 00 00 00 49 8b d8 48 8b fa 48 8b f1
0x00007ff9f52f48e5:   48 89 55 e8 48 89 5d f0 45 33 e4 44 89 64 24 60
0x00007ff9f52f48f5:   44 38 61 08 75 63 48 8b 41 10 44 38 a0 fa 01 00
0x00007ff9f52f4905:   00 74 23 48 8d 15 e1 e9 18 00 48 8b 0d ea 78 18
0x00007ff9f52f4915:   00 e8 c5 7e fb ff 48 8b c8 48 8d 15 9b 84 fb ff
0x00007ff9f52f4925:   ff 15 9d 79 18 00 48 8b d3 48 8b cf e8 0a 72 fd
0x00007ff9f52f4935:   ff c7 44 24 60 01 00 00 00 48 8b cb e8 8a 5b fc
0x00007ff9f52f4945:   ff 48 8b 4b 48 48 8d 53 50 48 3b ca 74 06 e8 0c
0x00007ff9f52f4955:   8a 03 00 90 e9 03 03 00 00 66 41 0f 6e 50 0c 0f
0x00007ff9f52f4965:   5b d2 f3 0f 10 49 78 f3 0f 5e ca 66 41 0f 6e 58
0x00007ff9f52f4975:   08 0f 5b db f3 0f 10 41 7c f3 0f 5e c3 0f 28 f9
0x00007ff9f52f4985:   f3 0f 59 b9 80 00 00 00 0f 28 f1 f3 0f 59 b1 84
0x00007ff9f52f4995:   00 00 00 f3 0f 10 a9 94 00 00 00 f3 0f 5e e9 f3
0x00007ff9f52f49a5:   0f 10 a1 98 00 00 00 f3 0f 5e e0 f3 0f 10 81 90
0x00007ff9f52f49b5:   00 00 00 f3 0f 11 44 24 50 f3 0f 10 89 8c 00 00
0x00007ff9f52f49c5:   00 f3 0f 11 4c 24 48 f3 0f 11 64 24 40 f3 0f 11
0x00007ff9f52f49d5:   6c 24 38 f3 0f 10 81 88 00 00 00 f3 0f 11 44 24
0x00007ff9f52f49e5:   30 f3 0f 11 74 24 28 f3 0f 11 7c 24 20 48 8d 95 


Stack slot to memory mapping:
stack at sp + 0 slots: 0x0000000000000020 is an unknown value
stack at sp + 1 slots: 0x000002440c540cc0 points into unknown readable memory: 0x00000000002e0001 | 01 00 2e 00 00 00 00 00
stack at sp + 2 slots: 0x000a9724000a8401 is an unknown value
stack at sp + 3 slots: 0x0 is NULL
stack at sp + 4 slots: 0x0 is NULL
stack at sp + 5 slots: 0x0000000000000020 is an unknown value
stack at sp + 6 slots: 0x0000000000000010 is an unknown value
stack at sp + 7 slots: 0x0000000000000004 is an unknown value


---------------  P R O C E S S  ---------------

Threads class SMR info:
_java_thread_list=0x0000024435e064b0, length=13, elements={
0x000002440c72e460, 0x0000024431b4bcd0, 0x0000024431b4e320, 0x0000024431b51350,
0x0000024431b51890, 0x0000024431b51dd0, 0x0000024431b5b1d0, 0x0000024431b68220,
0x0000024431b6dcc0, 0x0000024431b81bf0, 0x0000024431b83130, 0x0000024431b82690,
0x0000024431b82be0
}

Java Threads: ( => current thread )
=>0x000002440c72e460 JavaThread "main" [_thread_in_native, id=8044, stack(0x0000007581a00000,0x0000007581b00000)]
  0x0000024431b4bcd0 JavaThread "Reference Handler" daemon [_thread_blocked, id=9684, stack(0x0000007582100000,0x0000007582200000)]
  0x0000024431b4e320 JavaThread "Finalizer" daemon [_thread_blocked, id=5308, stack(0x0000007582200000,0x0000007582300000)]
  0x0000024431b51350 JavaThread "Signal Dispatcher" daemon [_thread_blocked, id=17772, stack(0x0000007582300000,0x0000007582400000)]
  0x0000024431b51890 JavaThread "Attach Listener" daemon [_thread_blocked, id=21016, stack(0x0000007582400000,0x0000007582500000)]
  0x0000024431b51dd0 JavaThread "Service Thread" daemon [_thread_blocked, id=18320, stack(0x0000007582500000,0x0000007582600000)]
  0x0000024431b5b1d0 JavaThread "Monitor Deflation Thread" daemon [_thread_blocked, id=6904, stack(0x0000007582600000,0x0000007582700000)]
  0x0000024431b68220 JavaThread "C2 CompilerThread0" daemon [_thread_blocked, id=7224, stack(0x0000007582700000,0x0000007582800000)]
  0x0000024431b6dcc0 JavaThread "C1 CompilerThread0" daemon [_thread_blocked, id=16772, stack(0x0000007582800000,0x0000007582900000)]
  0x0000024431b81bf0 JavaThread "Sweeper thread" daemon [_thread_blocked, id=18340, stack(0x0000007582900000,0x0000007582a00000)]
  0x0000024431b83130 JavaThread "Common-Cleaner" daemon [_thread_blocked, id=15420, stack(0x0000007582a00000,0x0000007582b00000)]
  0x0000024431b82690 JavaThread "Monitor Ctrl-Break" daemon [_thread_in_native, id=4720, stack(0x0000007582b00000,0x0000007582c00000)]
  0x0000024431b82be0 JavaThread "Notification Thread" daemon [_thread_blocked, id=18396, stack(0x0000007582c00000,0x0000007582d00000)]

Other Threads:
  0x0000024431b32630 VMThread "VM Thread" [stack: 0x0000007582000000,0x0000007582100000] [id=15684]
  0x000002440c72f690 WatcherThread "VM Periodic Task Thread" [stack: 0x0000007582d00000,0x0000007582e00000] [id=18148]
  0x000002440c79da00 WorkerThread "GC Thread#0" [stack: 0x0000007581b00000,0x0000007581c00000] [id=12384]
  0x000002440c7aeb60 ConcurrentGCThread "G1 Main Marker" [stack: 0x0000007581c00000,0x0000007581d00000] [id=2548]
  0x000002440c7afd30 WorkerThread "G1 Conc#0" [stack: 0x0000007581d00000,0x0000007581e00000] [id=8752]
  0x00000244319e6540 ConcurrentGCThread "G1 Refine#0" [stack: 0x0000007581e00000,0x0000007581f00000] [id=8724]
  0x00000244319e6ba0 ConcurrentGCThread "G1 Service" [stack: 0x0000007581f00000,0x0000007582000000] [id=6912]

Threads with active compile tasks:

VM state: not at safepoint (normal execution)

VM Mutex/Monitor currently owned by a thread: None

Heap address: 0x0000000700e00000, size: 4082 MB, Compressed Oops mode: Zero based, Oop shift amount: 3

CDS archive(s) mapped at: [0x0000000800000000-0x0000000800c40000-0x0000000800c40000), size 12845056, SharedBaseAddress: 0x0000000800000000, ArchiveRelocationMode: 0.
Compressed class space mapped at: 0x0000000801000000-0x0000000841000000, reserved size: 1073741824
Narrow klass base: 0x0000000800000000, Narrow klass shift: 0, Narrow klass range: 0x100000000

GC Precious Log:
 CardTable entry size: 512
 Card Set container configuration: InlinePtr #cards 4 size 8 Array Of Cards #cards 8 size 32 Howl #buckets 8 coarsen threshold 3686 Howl Bitmap #cards 512 size 80 coarsen threshold 460 Card regions per heap region 1 cards per card region 4096
 CPUs: 8 total, 8 available
 Memory: 16324M
 Large Page Support: Disabled
 NUMA Support: Disabled
 Compressed Oops: Enabled (Zero based)
 Heap Region Size: 2M
 Heap Min Capacity: 8M
 Heap Initial Capacity: 256M
 Heap Max Capacity: 4082M
 Pre-touch: Disabled
 Parallel Workers: 8
 Concurrent Workers: 2
 Concurrent Refinement Workers: 8
 Periodic GC: Disabled

Heap:
 garbage-first heap   total 262144K, used 4096K [0x0000000700e00000, 0x0000000800000000)
  region size 2048K, 2 young (4096K), 0 survivors (0K)
 Metaspace       used 927K, committed 1088K, reserved 1114112K
  class space    used 76K, committed 192K, reserved 1048576K

Heap Regions: E=young(eden), S=young(survivor), O=old, HS=humongous(starts), HC=humongous(continues), CS=collection set, F=free, OA=open archive, CA=closed archive, TAMS=top-at-mark-start (previous, next)
|   0|0x0000000700e00000, 0x0000000701000000, 0x0000000701000000|100%|HS|  |TAMS 0x0000000700e00000, 0x0000000700e00000| Complete 
|   1|0x0000000701000000, 0x0000000701000000, 0x0000000701200000|  0%| F|  |TAMS 0x0000000701000000, 0x0000000701000000| Untracked 
|   2|0x0000000701200000, 0x0000000701200000, 0x0000000701400000|  0%| F|  |TAMS 0x0000000701200000, 0x0000000701200000| Untracked 
|   3|0x0000000701400000, 0x0000000701400000, 0x0000000701600000|  0%| F|  |TAMS 0x0000000701400000, 0x0000000701400000| Untracked 
|   4|0x0000000701600000, 0x0000000701600000, 0x0000000701800000|  0%| F|  |TAMS 0x0000000701600000, 0x0000000701600000| Untracked 
|   5|0x0000000701800000, 0x0000000701800000, 0x0000000701a00000|  0%| F|  |TAMS 0x0000000701800000, 0x0000000701800000| Untracked 
|   6|0x0000000701a00000, 0x0000000701a00000, 0x0000000701c00000|  0%| F|  |TAMS 0x0000000701a00000, 0x0000000701a00000| Untracked 
|   7|0x0000000701c00000, 0x0000000701c00000, 0x0000000701e00000|  0%| F|  |TAMS 0x0000000701c00000, 0x0000000701c00000| Untracked 
|   8|0x0000000701e00000, 0x0000000701e00000, 0x0000000702000000|  0%| F|  |TAMS 0x0000000701e00000, 0x0000000701e00000| Untracked 
|   9|0x0000000702000000, 0x0000000702000000, 0x0000000702200000|  0%| F|  |TAMS 0x0000000702000000, 0x0000000702000000| Untracked 
|  10|0x0000000702200000, 0x0000000702200000, 0x0000000702400000|  0%| F|  |TAMS 0x0000000702200000, 0x0000000702200000| Untracked 
|  11|0x0000000702400000, 0x0000000702400000, 0x0000000702600000|  0%| F|  |TAMS 0x0000000702400000, 0x0000000702400000| Untracked 
|  12|0x0000000702600000, 0x0000000702600000, 0x0000000702800000|  0%| F|  |TAMS 0x0000000702600000, 0x0000000702600000| Untracked 
|  13|0x0000000702800000, 0x0000000702800000, 0x0000000702a00000|  0%| F|  |TAMS 0x0000000702800000, 0x0000000702800000| Untracked 
|  14|0x0000000702a00000, 0x0000000702a00000, 0x0000000702c00000|  0%| F|  |TAMS 0x0000000702a00000, 0x0000000702a00000| Untracked 
|  15|0x0000000702c00000, 0x0000000702c00000, 0x0000000702e00000|  0%| F|  |TAMS 0x0000000702c00000, 0x0000000702c00000| Untracked 
|  16|0x0000000702e00000, 0x0000000702e00000, 0x0000000703000000|  0%| F|  |TAMS 0x0000000702e00000, 0x0000000702e00000| Untracked 
|  17|0x0000000703000000, 0x0000000703000000, 0x0000000703200000|  0%| F|  |TAMS 0x0000000703000000, 0x0000000703000000| Untracked 
|  18|0x0000000703200000, 0x0000000703200000, 0x0000000703400000|  0%| F|  |TAMS 0x0000000703200000, 0x0000000703200000| Untracked 
|  19|0x0000000703400000, 0x0000000703400000, 0x0000000703600000|  0%| F|  |TAMS 0x0000000703400000, 0x0000000703400000| Untracked 
|  20|0x0000000703600000, 0x0000000703600000, 0x0000000703800000|  0%| F|  |TAMS 0x0000000703600000, 0x0000000703600000| Untracked 
|  21|0x0000000703800000, 0x0000000703800000, 0x0000000703a00000|  0%| F|  |TAMS 0x0000000703800000, 0x0000000703800000| Untracked 
|  22|0x0000000703a00000, 0x0000000703a00000, 0x0000000703c00000|  0%| F|  |TAMS 0x0000000703a00000, 0x0000000703a00000| Untracked 
|  23|0x0000000703c00000, 0x0000000703c00000, 0x0000000703e00000|  0%| F|  |TAMS 0x0000000703c00000, 0x0000000703c00000| Untracked 
|  24|0x0000000703e00000, 0x0000000703e00000, 0x0000000704000000|  0%| F|  |TAMS 0x0000000703e00000, 0x0000000703e00000| Untracked 
|  25|0x0000000704000000, 0x0000000704000000, 0x0000000704200000|  0%| F|  |TAMS 0x0000000704000000, 0x0000000704000000| Untracked 
|  26|0x0000000704200000, 0x0000000704200000, 0x0000000704400000|  0%| F|  |TAMS 0x0000000704200000, 0x0000000704200000| Untracked 
|  27|0x0000000704400000, 0x0000000704400000, 0x0000000704600000|  0%| F|  |TAMS 0x0000000704400000, 0x0000000704400000| Untracked 
|  28|0x0000000704600000, 0x0000000704600000, 0x0000000704800000|  0%| F|  |TAMS 0x0000000704600000, 0x0000000704600000| Untracked 
|  29|0x0000000704800000, 0x0000000704800000, 0x0000000704a00000|  0%| F|  |TAMS 0x0000000704800000, 0x0000000704800000| Untracked 
|  30|0x0000000704a00000, 0x0000000704a00000, 0x0000000704c00000|  0%| F|  |TAMS 0x0000000704a00000, 0x0000000704a00000| Untracked 
|  31|0x0000000704c00000, 0x0000000704c00000, 0x0000000704e00000|  0%| F|  |TAMS 0x0000000704c00000, 0x0000000704c00000| Untracked 
|  32|0x0000000704e00000, 0x0000000704e00000, 0x0000000705000000|  0%| F|  |TAMS 0x0000000704e00000, 0x0000000704e00000| Untracked 
|  33|0x0000000705000000, 0x0000000705000000, 0x0000000705200000|  0%| F|  |TAMS 0x0000000705000000, 0x0000000705000000| Untracked 
|  34|0x0000000705200000, 0x0000000705200000, 0x0000000705400000|  0%| F|  |TAMS 0x0000000705200000, 0x0000000705200000| Untracked 
|  35|0x0000000705400000, 0x0000000705400000, 0x0000000705600000|  0%| F|  |TAMS 0x0000000705400000, 0x0000000705400000| Untracked 
|  36|0x0000000705600000, 0x0000000705600000, 0x0000000705800000|  0%| F|  |TAMS 0x0000000705600000, 0x0000000705600000| Untracked 
|  37|0x0000000705800000, 0x0000000705800000, 0x0000000705a00000|  0%| F|  |TAMS 0x0000000705800000, 0x0000000705800000| Untracked 
|  38|0x0000000705a00000, 0x0000000705a00000, 0x0000000705c00000|  0%| F|  |TAMS 0x0000000705a00000, 0x0000000705a00000| Untracked 
|  39|0x0000000705c00000, 0x0000000705c00000, 0x0000000705e00000|  0%| F|  |TAMS 0x0000000705c00000, 0x0000000705c00000| Untracked 
|  40|0x0000000705e00000, 0x0000000705e00000, 0x0000000706000000|  0%| F|  |TAMS 0x0000000705e00000, 0x0000000705e00000| Untracked 
|  41|0x0000000706000000, 0x0000000706000000, 0x0000000706200000|  0%| F|  |TAMS 0x0000000706000000, 0x0000000706000000| Untracked 
|  42|0x0000000706200000, 0x0000000706200000, 0x0000000706400000|  0%| F|  |TAMS 0x0000000706200000, 0x0000000706200000| Untracked 
|  43|0x0000000706400000, 0x0000000706400000, 0x0000000706600000|  0%| F|  |TAMS 0x0000000706400000, 0x0000000706400000| Untracked 
|  44|0x0000000706600000, 0x0000000706600000, 0x0000000706800000|  0%| F|  |TAMS 0x0000000706600000, 0x0000000706600000| Untracked 
|  45|0x0000000706800000, 0x0000000706800000, 0x0000000706a00000|  0%| F|  |TAMS 0x0000000706800000, 0x0000000706800000| Untracked 
|  46|0x0000000706a00000, 0x0000000706a00000, 0x0000000706c00000|  0%| F|  |TAMS 0x0000000706a00000, 0x0000000706a00000| Untracked 
|  47|0x0000000706c00000, 0x0000000706c00000, 0x0000000706e00000|  0%| F|  |TAMS 0x0000000706c00000, 0x0000000706c00000| Untracked 
|  48|0x0000000706e00000, 0x0000000706e00000, 0x0000000707000000|  0%| F|  |TAMS 0x0000000706e00000, 0x0000000706e00000| Untracked 
|  49|0x0000000707000000, 0x0000000707000000, 0x0000000707200000|  0%| F|  |TAMS 0x0000000707000000, 0x0000000707000000| Untracked 
|  50|0x0000000707200000, 0x0000000707200000, 0x0000000707400000|  0%| F|  |TAMS 0x0000000707200000, 0x0000000707200000| Untracked 
|  51|0x0000000707400000, 0x0000000707400000, 0x0000000707600000|  0%| F|  |TAMS 0x0000000707400000, 0x0000000707400000| Untracked 
|  52|0x0000000707600000, 0x0000000707600000, 0x0000000707800000|  0%| F|  |TAMS 0x0000000707600000, 0x0000000707600000| Untracked 
|  53|0x0000000707800000, 0x0000000707800000, 0x0000000707a00000|  0%| F|  |TAMS 0x0000000707800000, 0x0000000707800000| Untracked 
|  54|0x0000000707a00000, 0x0000000707a00000, 0x0000000707c00000|  0%| F|  |TAMS 0x0000000707a00000, 0x0000000707a00000| Untracked 
|  55|0x0000000707c00000, 0x0000000707c00000, 0x0000000707e00000|  0%| F|  |TAMS 0x0000000707c00000, 0x0000000707c00000| Untracked 
|  56|0x0000000707e00000, 0x0000000707e00000, 0x0000000708000000|  0%| F|  |TAMS 0x0000000707e00000, 0x0000000707e00000| Untracked 
|  57|0x0000000708000000, 0x0000000708000000, 0x0000000708200000|  0%| F|  |TAMS 0x0000000708000000, 0x0000000708000000| Untracked 
|  58|0x0000000708200000, 0x0000000708200000, 0x0000000708400000|  0%| F|  |TAMS 0x0000000708200000, 0x0000000708200000| Untracked 
|  59|0x0000000708400000, 0x0000000708400000, 0x0000000708600000|  0%| F|  |TAMS 0x0000000708400000, 0x0000000708400000| Untracked 
|  60|0x0000000708600000, 0x0000000708600000, 0x0000000708800000|  0%| F|  |TAMS 0x0000000708600000, 0x0000000708600000| Untracked 
|  61|0x0000000708800000, 0x0000000708800000, 0x0000000708a00000|  0%| F|  |TAMS 0x0000000708800000, 0x0000000708800000| Untracked 
|  62|0x0000000708a00000, 0x0000000708a00000, 0x0000000708c00000|  0%| F|  |TAMS 0x0000000708a00000, 0x0000000708a00000| Untracked 
|  63|0x0000000708c00000, 0x0000000708c00000, 0x0000000708e00000|  0%| F|  |TAMS 0x0000000708c00000, 0x0000000708c00000| Untracked 
|  64|0x0000000708e00000, 0x0000000708e00000, 0x0000000709000000|  0%| F|  |TAMS 0x0000000708e00000, 0x0000000708e00000| Untracked 
|  65|0x0000000709000000, 0x0000000709000000, 0x0000000709200000|  0%| F|  |TAMS 0x0000000709000000, 0x0000000709000000| Untracked 
|  66|0x0000000709200000, 0x0000000709200000, 0x0000000709400000|  0%| F|  |TAMS 0x0000000709200000, 0x0000000709200000| Untracked 
|  67|0x0000000709400000, 0x0000000709400000, 0x0000000709600000|  0%| F|  |TAMS 0x0000000709400000, 0x0000000709400000| Untracked 
|  68|0x0000000709600000, 0x0000000709600000, 0x0000000709800000|  0%| F|  |TAMS 0x0000000709600000, 0x0000000709600000| Untracked 
|  69|0x0000000709800000, 0x0000000709800000, 0x0000000709a00000|  0%| F|  |TAMS 0x0000000709800000, 0x0000000709800000| Untracked 
|  70|0x0000000709a00000, 0x0000000709a00000, 0x0000000709c00000|  0%| F|  |TAMS 0x0000000709a00000, 0x0000000709a00000| Untracked 
|  71|0x0000000709c00000, 0x0000000709c00000, 0x0000000709e00000|  0%| F|  |TAMS 0x0000000709c00000, 0x0000000709c00000| Untracked 
|  72|0x0000000709e00000, 0x0000000709e00000, 0x000000070a000000|  0%| F|  |TAMS 0x0000000709e00000, 0x0000000709e00000| Untracked 
|  73|0x000000070a000000, 0x000000070a000000, 0x000000070a200000|  0%| F|  |TAMS 0x000000070a000000, 0x000000070a000000| Untracked 
|  74|0x000000070a200000, 0x000000070a200000, 0x000000070a400000|  0%| F|  |TAMS 0x000000070a200000, 0x000000070a200000| Untracked 
|  75|0x000000070a400000, 0x000000070a400000, 0x000000070a600000|  0%| F|  |TAMS 0x000000070a400000, 0x000000070a400000| Untracked 
|  76|0x000000070a600000, 0x000000070a600000, 0x000000070a800000|  0%| F|  |TAMS 0x000000070a600000, 0x000000070a600000| Untracked 
|  77|0x000000070a800000, 0x000000070a800000, 0x000000070aa00000|  0%| F|  |TAMS 0x000000070a800000, 0x000000070a800000| Untracked 
|  78|0x000000070aa00000, 0x000000070aa00000, 0x000000070ac00000|  0%| F|  |TAMS 0x000000070aa00000, 0x000000070aa00000| Untracked 
|  79|0x000000070ac00000, 0x000000070ac00000, 0x000000070ae00000|  0%| F|  |TAMS 0x000000070ac00000, 0x000000070ac00000| Untracked 
|  80|0x000000070ae00000, 0x000000070ae00000, 0x000000070b000000|  0%| F|  |TAMS 0x000000070ae00000, 0x000000070ae00000| Untracked 
|  81|0x000000070b000000, 0x000000070b000000, 0x000000070b200000|  0%| F|  |TAMS 0x000000070b000000, 0x000000070b000000| Untracked 
|  82|0x000000070b200000, 0x000000070b200000, 0x000000070b400000|  0%| F|  |TAMS 0x000000070b200000, 0x000000070b200000| Untracked 
|  83|0x000000070b400000, 0x000000070b400000, 0x000000070b600000|  0%| F|  |TAMS 0x000000070b400000, 0x000000070b400000| Untracked 
|  84|0x000000070b600000, 0x000000070b600000, 0x000000070b800000|  0%| F|  |TAMS 0x000000070b600000, 0x000000070b600000| Untracked 
|  85|0x000000070b800000, 0x000000070b800000, 0x000000070ba00000|  0%| F|  |TAMS 0x000000070b800000, 0x000000070b800000| Untracked 
|  86|0x000000070ba00000, 0x000000070ba00000, 0x000000070bc00000|  0%| F|  |TAMS 0x000000070ba00000, 0x000000070ba00000| Untracked 
|  87|0x000000070bc00000, 0x000000070bc00000, 0x000000070be00000|  0%| F|  |TAMS 0x000000070bc00000, 0x000000070bc00000| Untracked 
|  88|0x000000070be00000, 0x000000070be00000, 0x000000070c000000|  0%| F|  |TAMS 0x000000070be00000, 0x000000070be00000| Untracked 
|  89|0x000000070c000000, 0x000000070c000000, 0x000000070c200000|  0%| F|  |TAMS 0x000000070c000000, 0x000000070c000000| Untracked 
|  90|0x000000070c200000, 0x000000070c200000, 0x000000070c400000|  0%| F|  |TAMS 0x000000070c200000, 0x000000070c200000| Untracked 
|  91|0x000000070c400000, 0x000000070c400000, 0x000000070c600000|  0%| F|  |TAMS 0x000000070c400000, 0x000000070c400000| Untracked 
|  92|0x000000070c600000, 0x000000070c600000, 0x000000070c800000|  0%| F|  |TAMS 0x000000070c600000, 0x000000070c600000| Untracked 
|  93|0x000000070c800000, 0x000000070c800000, 0x000000070ca00000|  0%| F|  |TAMS 0x000000070c800000, 0x000000070c800000| Untracked 
|  94|0x000000070ca00000, 0x000000070ca00000, 0x000000070cc00000|  0%| F|  |TAMS 0x000000070ca00000, 0x000000070ca00000| Untracked 
|  95|0x000000070cc00000, 0x000000070cc00000, 0x000000070ce00000|  0%| F|  |TAMS 0x000000070cc00000, 0x000000070cc00000| Untracked 
|  96|0x000000070ce00000, 0x000000070ce00000, 0x000000070d000000|  0%| F|  |TAMS 0x000000070ce00000, 0x000000070ce00000| Untracked 
|  97|0x000000070d000000, 0x000000070d000000, 0x000000070d200000|  0%| F|  |TAMS 0x000000070d000000, 0x000000070d000000| Untracked 
|  98|0x000000070d200000, 0x000000070d200000, 0x000000070d400000|  0%| F|  |TAMS 0x000000070d200000, 0x000000070d200000| Untracked 
|  99|0x000000070d400000, 0x000000070d400000, 0x000000070d600000|  0%| F|  |TAMS 0x000000070d400000, 0x000000070d400000| Untracked 
| 100|0x000000070d600000, 0x000000070d600000, 0x000000070d800000|  0%| F|  |TAMS 0x000000070d600000, 0x000000070d600000| Untracked 
| 101|0x000000070d800000, 0x000000070d800000, 0x000000070da00000|  0%| F|  |TAMS 0x000000070d800000, 0x000000070d800000| Untracked 
| 102|0x000000070da00000, 0x000000070da00000, 0x000000070dc00000|  0%| F|  |TAMS 0x000000070da00000, 0x000000070da00000| Untracked 
| 103|0x000000070dc00000, 0x000000070dc00000, 0x000000070de00000|  0%| F|  |TAMS 0x000000070dc00000, 0x000000070dc00000| Untracked 
| 104|0x000000070de00000, 0x000000070de00000, 0x000000070e000000|  0%| F|  |TAMS 0x000000070de00000, 0x000000070de00000| Untracked 
| 105|0x000000070e000000, 0x000000070e000000, 0x000000070e200000|  0%| F|  |TAMS 0x000000070e000000, 0x000000070e000000| Untracked 
| 106|0x000000070e200000, 0x000000070e200000, 0x000000070e400000|  0%| F|  |TAMS 0x000000070e200000, 0x000000070e200000| Untracked 
| 107|0x000000070e400000, 0x000000070e400000, 0x000000070e600000|  0%| F|  |TAMS 0x000000070e400000, 0x000000070e400000| Untracked 
| 108|0x000000070e600000, 0x000000070e600000, 0x000000070e800000|  0%| F|  |TAMS 0x000000070e600000, 0x000000070e600000| Untracked 
| 109|0x000000070e800000, 0x000000070e800000, 0x000000070ea00000|  0%| F|  |TAMS 0x000000070e800000, 0x000000070e800000| Untracked 
| 110|0x000000070ea00000, 0x000000070ea00000, 0x000000070ec00000|  0%| F|  |TAMS 0x000000070ea00000, 0x000000070ea00000| Untracked 
| 111|0x000000070ec00000, 0x000000070ec00000, 0x000000070ee00000|  0%| F|  |TAMS 0x000000070ec00000, 0x000000070ec00000| Untracked 
| 112|0x000000070ee00000, 0x000000070ee00000, 0x000000070f000000|  0%| F|  |TAMS 0x000000070ee00000, 0x000000070ee00000| Untracked 
| 113|0x000000070f000000, 0x000000070f000000, 0x000000070f200000|  0%| F|  |TAMS 0x000000070f000000, 0x000000070f000000| Untracked 
| 114|0x000000070f200000, 0x000000070f200000, 0x000000070f400000|  0%| F|  |TAMS 0x000000070f200000, 0x000000070f200000| Untracked 
| 115|0x000000070f400000, 0x000000070f400000, 0x000000070f600000|  0%| F|  |TAMS 0x000000070f400000, 0x000000070f400000| Untracked 
| 116|0x000000070f600000, 0x000000070f600000, 0x000000070f800000|  0%| F|  |TAMS 0x000000070f600000, 0x000000070f600000| Untracked 
| 117|0x000000070f800000, 0x000000070f800000, 0x000000070fa00000|  0%| F|  |TAMS 0x000000070f800000, 0x000000070f800000| Untracked 
| 118|0x000000070fa00000, 0x000000070fa00000, 0x000000070fc00000|  0%| F|  |TAMS 0x000000070fa00000, 0x000000070fa00000| Untracked 
| 119|0x000000070fc00000, 0x000000070fc00000, 0x000000070fe00000|  0%| F|  |TAMS 0x000000070fc00000, 0x000000070fc00000| Untracked 
| 120|0x000000070fe00000, 0x000000070fe00000, 0x0000000710000000|  0%| F|  |TAMS 0x000000070fe00000, 0x000000070fe00000| Untracked 
| 121|0x0000000710000000, 0x0000000710000000, 0x0000000710200000|  0%| F|  |TAMS 0x0000000710000000, 0x0000000710000000| Untracked 
| 122|0x0000000710200000, 0x0000000710200000, 0x0000000710400000|  0%| F|  |TAMS 0x0000000710200000, 0x0000000710200000| Untracked 
| 123|0x0000000710400000, 0x0000000710400000, 0x0000000710600000|  0%| F|  |TAMS 0x0000000710400000, 0x0000000710400000| Untracked 
| 124|0x0000000710600000, 0x0000000710600000, 0x0000000710800000|  0%| F|  |TAMS 0x0000000710600000, 0x0000000710600000| Untracked 
| 125|0x0000000710800000, 0x0000000710800000, 0x0000000710a00000|  0%| F|  |TAMS 0x0000000710800000, 0x0000000710800000| Untracked 
| 126|0x0000000710a00000, 0x0000000710bc31d8, 0x0000000710c00000| 88%| E|  |TAMS 0x0000000710a00000, 0x0000000710a00000| Complete 
| 127|0x0000000710c00000, 0x0000000710e00000, 0x0000000710e00000|100%| E|CS|TAMS 0x0000000710c00000, 0x0000000710c00000| Complete 

Card table byte_map: [0x00000244260e0000,0x00000244268e0000] _byte_map_base: 0x00000244228d9000

Marking Bits (Prev, Next): (CMBitMap*) 0x000002440c79e030, (CMBitMap*) 0x000002440c79e070
 Prev Bits: [0x00000244270e0000, 0x000002442b0a8000)
 Next Bits: [0x000002442b0b0000, 0x000002442f078000)

Polling page: 0x000002440c7f0000

Metaspace:

Usage:
  Non-class:    851.59 KB used.
      Class:     76.28 KB used.
       Both:    927.87 KB used.

Virtual space:
  Non-class space:       64.00 MB reserved,     896.00 KB (  1%) committed,  1 nodes.
      Class space:        1.00 GB reserved,     192.00 KB ( <1%) committed,  1 nodes.
             Both:        1.06 GB reserved,       1.06 MB ( <1%) committed. 

Chunk freelists:
   Non-Class:  3.96 MB
       Class:  3.73 MB
        Both:  7.69 MB

MaxMetaspaceSize: unlimited
CompressedClassSpaceSize: 1.00 GB
Initial GC threshold: 21.00 MB
Current GC threshold: 21.00 MB
CDS: on
MetaspaceReclaimPolicy: balanced
 - commit_granule_bytes: 65536.
 - commit_granule_words: 8192.
 - virtual_space_node_default_size: 8388608.
 - enlarge_chunks_in_place: 1.
 - new_chunks_are_fully_committed: 0.
 - uncommit_free_chunks: 1.
 - use_allocation_guard: 0.


Internal statistics:

num_allocs_failed_limit: 0.
num_arena_births: 24.
num_arena_deaths: 0.
num_vsnodes_births: 2.
num_vsnodes_deaths: 0.
num_space_committed: 17.
num_space_uncommitted: 0.
num_chunks_returned_to_freelist: 0.
num_chunks_taken_from_freelist: 30.
num_chunk_merges: 0.
num_chunk_splits: 19.
num_chunks_enlarged: 11.
num_inconsistent_stats: 0.

CodeHeap 'non-profiled nmethods': size=120000Kb used=72Kb max_used=72Kb free=119927Kb
 bounds [0x000002441d950000, 0x000002441dbc0000, 0x0000024424e80000]
CodeHeap 'profiled nmethods': size=120000Kb used=232Kb max_used=232Kb free=119767Kb
 bounds [0x0000024415e80000, 0x00000244160f0000, 0x000002441d3b0000]
CodeHeap 'non-nmethods': size=5760Kb used=1211Kb max_used=1221Kb free=4548Kb
 bounds [0x000002441d3b0000, 0x000002441d620000, 0x000002441d950000]
 total_blobs=626 nmethods=215 adapters=322
 compilation: enabled
              stopped_count=0, restarted_count=0
 full_count=0

Compilation events (20 events):
Event: 0.097 Thread 0x0000024431b6dcc0  205       3       java.lang.invoke.MethodType::checkPtypes (76 bytes)
Event: 0.097 Thread 0x0000024431b6dcc0 nmethod 205 0x0000024415eb4790 code [0x0000024415eb4a20, 0x0000024415eb54e8]
Event: 0.097 Thread 0x0000024431b6dcc0  206       3       jdk.internal.org.objectweb.asm.ByteVector::putShort (52 bytes)
Event: 0.098 Thread 0x0000024431b6dcc0 nmethod 206 0x0000024415eb5910 code [0x0000024415eb5ac0, 0x0000024415eb5cc8]
Event: 0.098 Thread 0x0000024431b6dcc0  207       3       java.lang.StringLatin1::lastIndexOf (40 bytes)
Event: 0.098 Thread 0x0000024431b6dcc0 nmethod 207 0x0000024415eb5e10 code [0x0000024415eb5fe0, 0x0000024415eb63d8]
Event: 0.098 Thread 0x0000024431b6dcc0  208       3       java.util.Arrays::copyOf (19 bytes)
Event: 0.098 Thread 0x0000024431b6dcc0 nmethod 208 0x0000024415eb6510 code [0x0000024415eb66c0, 0x0000024415eb69a8]
Event: 0.099 Thread 0x0000024431b6dcc0  209   !   3       java.lang.invoke.MemberName::getMethodType (211 bytes)
Event: 0.100 Thread 0x0000024431b6dcc0 nmethod 209 0x0000024415eb6b10 code [0x0000024415eb6de0, 0x0000024415eb8318]
Event: 0.100 Thread 0x0000024431b6dcc0  210       3       java.lang.StringLatin1::inflate (34 bytes)
Event: 0.100 Thread 0x0000024431b6dcc0 nmethod 210 0x0000024415eb8890 code [0x0000024415eb8a40, 0x0000024415eb8c38]
Event: 0.100 Thread 0x0000024431b6dcc0  211       3       java.lang.StringBuilder::length (5 bytes)
Event: 0.100 Thread 0x0000024431b6dcc0 nmethod 211 0x0000024415eb8d90 code [0x0000024415eb8f20, 0x0000024415eb9038]
Event: 0.101 Thread 0x0000024431b6dcc0  212       3       java.io.WinNTFileSystem::normalize (143 bytes)
Event: 0.101 Thread 0x0000024431b68220  214       4       java.lang.String::isLatin1 (19 bytes)
Event: 0.101 Thread 0x0000024431b6dcc0 nmethod 212 0x0000024415eb9110 code [0x0000024415eb93a0, 0x0000024415eb9e98]
Event: 0.101 Thread 0x0000024431b6dcc0  213       1       java.lang.invoke.MethodTypeForm::erasedType (5 bytes)
Event: 0.101 Thread 0x0000024431b6dcc0 nmethod 213 0x000002441d961c90 code [0x000002441d961e20, 0x000002441d961ef8]
Event: 0.101 Thread 0x0000024431b68220 nmethod 214 0x000002441d961f90 code [0x000002441d962100, 0x000002441d962198]

GC Heap History (0 events):
No events

Dll operation events (10 events):
Event: 0.007 Loaded shared library C:\Users\richa\.jdks\openjdk-19\bin\java.dll
Event: 0.016 Loaded shared library C:\Users\richa\.jdks\openjdk-19\bin\jsvml.dll
Event: 0.068 Loaded shared library C:\Users\richa\.jdks\openjdk-19\bin\zip.dll
Event: 0.071 Loaded shared library C:\Users\richa\.jdks\openjdk-19\bin\instrument.dll
Event: 0.077 Loaded shared library C:\Users\richa\.jdks\openjdk-19\bin\net.dll
Event: 0.079 Loaded shared library C:\Users\richa\.jdks\openjdk-19\bin\nio.dll
Event: 0.082 Loaded shared library C:\Users\richa\.jdks\openjdk-19\bin\zip.dll
Event: 0.087 Loaded shared library C:\Program Files\JetBrains\IntelliJ IDEA Community Edition 2021.2.3\bin\breakgen64.dll
Event: 0.095 Loaded shared library C:\Users\richa\.jdks\openjdk-19\bin\extnet.dll
Event: 0.117 Loaded shared library D:\Dokumenty\workplace\idea-workplace\License Plate Recognition\openalprjni.dll

Deoptimization events (0 events):
No events

Classes loaded (20 events):
Event: 0.120 Loading class java/nio/channels/Channels
Event: 0.120 Loading class java/nio/channels/Channels done
Event: 0.120 Loading class sun/nio/ch/Streams
Event: 0.120 Loading class sun/nio/ch/Streams done
Event: 0.120 Loading class sun/nio/ch/SocketChannelImpl
Event: 0.120 Loading class sun/nio/ch/SelChImpl
Event: 0.120 Loading class sun/nio/ch/SelChImpl done
Event: 0.120 Loading class java/nio/channels/SocketChannel
Event: 0.120 Loading class java/nio/channels/NetworkChannel
Event: 0.120 Loading class java/nio/channels/NetworkChannel done
Event: 0.120 Loading class java/nio/channels/spi/AbstractSelectableChannel
Event: 0.120 Loading class java/nio/channels/SelectableChannel
Event: 0.120 Loading class java/nio/channels/SelectableChannel done
Event: 0.120 Loading class java/nio/channels/spi/AbstractSelectableChannel done
Event: 0.120 Loading class java/nio/channels/SocketChannel done
Event: 0.120 Loading class sun/nio/ch/SocketChannelImpl done
Event: 0.120 Loading class sun/nio/ch/ChannelInputStream
Event: 0.120 Loading class sun/nio/ch/ChannelInputStream done
Event: 0.121 Loading class sun/nio/ch/IOStatus
Event: 0.121 Loading class sun/nio/ch/IOStatus done

Classes unloaded (0 events):
No events

Classes redefined (0 events):
No events

Internal exceptions (3 events):
Event: 0.082 Thread 0x000002440c72e460 Exception <a 'java/lang/NoSuchMethodError'{0x0000000710ac7938}: 'void java.lang.invoke.DirectMethodHandle$Holder.invokeStatic(java.lang.Object, java.lang.Object, java.lang.Object)'> (0x0000000710ac7938) 
thrown [s\open\src\hotspot\share\interpreter\linkResolver.cpp, line 774]
Event: 0.085 Thread 0x000002440c72e460 Exception <a 'java/lang/NoSuchMethodError'{0x0000000710adff30}: 'java.lang.Object java.lang.invoke.Invokers$Holder.invokeExact_MT(java.lang.Object, java.lang.Object, java.lang.Object, java.lang.Object, java.lang.Object)'> (0x0000000710adff30) 
thrown [s\open\src\hotspot\share\interpreter\linkResolver.cpp, line 774]
Event: 0.097 Thread 0x0000024431b82690 Exception <a 'java/lang/NoSuchMethodError'{0x0000000710b5a048}: 'void java.lang.invoke.DirectMethodHandle$Holder.invokeStatic(java.lang.Object, java.lang.Object)'> (0x0000000710b5a048) 
thrown [s\open\src\hotspot\share\interpreter\linkResolver.cpp, line 774]

VM Operations (4 events):
Event: 0.055 Executing VM operation: HandshakeAllThreads
Event: 0.055 Executing VM operation: HandshakeAllThreads done
Event: 0.090 Executing VM operation: HandshakeAllThreads
Event: 0.090 Executing VM operation: HandshakeAllThreads done

Events (13 events):
Event: 0.016 Thread 0x000002440c72e460 Thread added: 0x000002440c72e460
Event: 0.027 Thread 0x0000024431b4bcd0 Thread added: 0x0000024431b4bcd0
Event: 0.027 Thread 0x0000024431b4e320 Thread added: 0x0000024431b4e320
Event: 0.027 Thread 0x0000024431b51350 Thread added: 0x0000024431b51350
Event: 0.027 Thread 0x0000024431b51890 Thread added: 0x0000024431b51890
Event: 0.027 Thread 0x0000024431b51dd0 Thread added: 0x0000024431b51dd0
Event: 0.028 Thread 0x0000024431b5b1d0 Thread added: 0x0000024431b5b1d0
Event: 0.028 Thread 0x0000024431b68220 Thread added: 0x0000024431b68220
Event: 0.028 Thread 0x0000024431b6dcc0 Thread added: 0x0000024431b6dcc0
Event: 0.028 Thread 0x0000024431b81bf0 Thread added: 0x0000024431b81bf0
Event: 0.048 Thread 0x0000024431b83130 Thread added: 0x0000024431b83130
Event: 0.088 Thread 0x0000024431b82690 Thread added: 0x0000024431b82690
Event: 0.088 Thread 0x0000024431b82be0 Thread added: 0x0000024431b82be0


Dynamic libraries:
0x00007ff791060000 - 0x00007ff79106e000 	C:\Users\richa\.jdks\openjdk-19\bin\java.exe
0x00007ffa65b90000 - 0x00007ffa65d88000 	C:\WINDOWS\SYSTEM32\ntdll.dll
0x00007ffa64960000 - 0x00007ffa64a1d000 	C:\WINDOWS\System32\KERNEL32.DLL
0x00007ffa63910000 - 0x00007ffa63be3000 	C:\WINDOWS\System32\KERNELBASE.dll
0x00007ffa60ae0000 - 0x00007ffa60b71000 	C:\WINDOWS\SYSTEM32\apphelp.dll
0x00007ffa634d0000 - 0x00007ffa635d0000 	C:\WINDOWS\System32\ucrtbase.dll
0x00007ffa4ac20000 - 0x00007ffa4ac37000 	C:\Users\richa\.jdks\openjdk-19\bin\jli.dll
0x00007ffa5ecb0000 - 0x00007ffa5eccb000 	C:\Users\richa\.jdks\openjdk-19\bin\VCRUNTIME140.dll
0x00007ffa65540000 - 0x00007ffa656de000 	C:\WINDOWS\System32\USER32.dll
0x00007ffa63730000 - 0x00007ffa63752000 	C:\WINDOWS\System32\win32u.dll
0x00007ffa48450000 - 0x00007ffa486ea000 	C:\WINDOWS\WinSxS\amd64_microsoft.windows.common-controls_6595b64144ccf1df_6.0.19041.1110_none_60b5254171f9507e\COMCTL32.dll
0x00007ffa64cd0000 - 0x00007ffa64cfc000 	C:\WINDOWS\System32\GDI32.dll
0x00007ffa65880000 - 0x00007ffa6591e000 	C:\WINDOWS\System32\msvcrt.dll
0x00007ffa633b0000 - 0x00007ffa634c4000 	C:\WINDOWS\System32\gdi32full.dll
0x00007ffa63790000 - 0x00007ffa6382d000 	C:\WINDOWS\System32\msvcp_win.dll
0x00007ffa64d10000 - 0x00007ffa64d40000 	C:\WINDOWS\System32\IMM32.DLL
0x00007ffa556e0000 - 0x00007ffa556ec000 	C:\Users\richa\.jdks\openjdk-19\bin\vcruntime140_1.dll
0x00007ffa2a740000 - 0x00007ffa2a7ce000 	C:\Users\richa\.jdks\openjdk-19\bin\msvcp140.dll
0x00007ff9df5b0000 - 0x00007ff9e0270000 	C:\Users\richa\.jdks\openjdk-19\bin\server\jvm.dll
0x00007ffa64c20000 - 0x00007ffa64cce000 	C:\WINDOWS\System32\ADVAPI32.dll
0x00007ffa65a50000 - 0x00007ffa65aec000 	C:\WINDOWS\System32\sechost.dll
0x00007ffa65750000 - 0x00007ffa65875000 	C:\WINDOWS\System32\RPCRT4.dll
0x00007ffa5e6f0000 - 0x00007ffa5e6fa000 	C:\WINDOWS\SYSTEM32\VERSION.dll
0x00007ffa58300000 - 0x00007ffa58327000 	C:\WINDOWS\SYSTEM32\WINMM.dll
0x00007ffa46bc0000 - 0x00007ffa46bc9000 	C:\WINDOWS\SYSTEM32\WSOCK32.dll
0x00007ffa64ef0000 - 0x00007ffa64f5b000 	C:\WINDOWS\System32\WS2_32.dll
0x00007ffa61170000 - 0x00007ffa61182000 	C:\WINDOWS\SYSTEM32\kernel.appcore.dll
0x00007ffa55440000 - 0x00007ffa5544a000 	C:\Users\richa\.jdks\openjdk-19\bin\jimage.dll
0x00007ffa59870000 - 0x00007ffa59a54000 	C:\WINDOWS\SYSTEM32\DBGHELP.DLL
0x00007ffa59610000 - 0x00007ffa5963c000 	C:\WINDOWS\SYSTEM32\dbgcore.DLL
0x00007ffa63830000 - 0x00007ffa638b2000 	C:\WINDOWS\System32\bcryptPrimitives.dll
0x00007ffa54a30000 - 0x00007ffa54a3e000 	C:\Users\richa\.jdks\openjdk-19\bin\instrument.dll
0x00007ffa44c40000 - 0x00007ffa44c66000 	C:\Users\richa\.jdks\openjdk-19\bin\java.dll
0x00007ffa2a660000 - 0x00007ffa2a737000 	C:\Users\richa\.jdks\openjdk-19\bin\jsvml.dll
0x00007ffa63da0000 - 0x00007ffa644e3000 	C:\WINDOWS\System32\SHELL32.dll
0x00007ffa61370000 - 0x00007ffa61b04000 	C:\WINDOWS\SYSTEM32\windows.storage.dll
0x00007ffa650c0000 - 0x00007ffa65414000 	C:\WINDOWS\System32\combase.dll
0x00007ffa62cf0000 - 0x00007ffa62d20000 	C:\WINDOWS\SYSTEM32\Wldp.dll
0x00007ffa64e40000 - 0x00007ffa64eed000 	C:\WINDOWS\System32\SHCORE.dll
0x00007ffa64d40000 - 0x00007ffa64d95000 	C:\WINDOWS\System32\shlwapi.dll
0x00007ffa631d0000 - 0x00007ffa631ef000 	C:\WINDOWS\SYSTEM32\profapi.dll
0x00007ffa47060000 - 0x00007ffa47078000 	C:\Users\richa\.jdks\openjdk-19\bin\zip.dll
0x00007ffa463e0000 - 0x00007ffa463f3000 	C:\Users\richa\.jdks\openjdk-19\bin\net.dll
0x00007ffa5bd10000 - 0x00007ffa5be1d000 	C:\WINDOWS\SYSTEM32\WINHTTP.dll
0x00007ffa62a50000 - 0x00007ffa62aba000 	C:\WINDOWS\system32\mswsock.dll
0x00007ffa42180000 - 0x00007ffa42196000 	C:\Users\richa\.jdks\openjdk-19\bin\nio.dll
0x00007ffa41b40000 - 0x00007ffa41b5a000 	C:\Program Files\JetBrains\IntelliJ IDEA Community Edition 2021.2.3\bin\breakgen64.dll
0x00007ffa4fa60000 - 0x00007ffa4fa68000 	C:\Users\richa\.jdks\openjdk-19\bin\extnet.dll
0x00007ffa4e050000 - 0x00007ffa4e05c000 	D:\Dokumenty\workplace\idea-workplace\License Plate Recognition\openalprjni.dll
0x00007ff9f52a0000 - 0x00007ff9f57f8000 	D:\Dokumenty\workplace\idea-workplace\License Plate Recognition\openalpr.dll
0x00007ffa0abb0000 - 0x00007ffa0aea6000 	D:\Dokumenty\workplace\idea-workplace\License Plate Recognition\liblept170.dll
0x00007ff9ddc80000 - 0x00007ff9de9ff000 	D:\Dokumenty\workplace\idea-workplace\License Plate Recognition\opencv_world300.dll
0x00007ffa64a20000 - 0x00007ffa64b4a000 	C:\WINDOWS\System32\ole32.dll
0x00007ffa65920000 - 0x00007ffa659ed000 	C:\WINDOWS\System32\OLEAUT32.dll
0x00007ffa64fe0000 - 0x00007ffa650ba000 	C:\WINDOWS\System32\COMDLG32.dll
0x00007ffa3f860000 - 0x00007ffa3f88b000 	C:\WINDOWS\SYSTEM32\MSVFW32.dll
0x00007ffa3ec30000 - 0x00007ffa3ec51000 	C:\WINDOWS\SYSTEM32\AVIFIL32.dll
0x00007ffa3f1f0000 - 0x00007ffa3f209000 	C:\WINDOWS\SYSTEM32\AVICAP32.dll
0x00007ffa5df60000 - 0x00007ffa5df7e000 	C:\WINDOWS\SYSTEM32\MSACM32.dll
0x00007ffa32b50000 - 0x00007ffa32b9e000 	C:\WINDOWS\SYSTEM32\CONCRT140.dll
0x00007ffa38870000 - 0x00007ffa38896000 	C:\WINDOWS\SYSTEM32\winmmbase.dll
0x00007ffa20020000 - 0x00007ffa20188000 	C:\WINDOWS\SYSTEM32\OpenCL.dll
0x00007ffa638c0000 - 0x00007ffa6390e000 	C:\WINDOWS\System32\CFGMGR32.dll
0x00007ffa64b70000 - 0x00007ffa64c1f000 	C:\WINDOWS\System32\clbcatq.dll
0x00007ff9dcbb0000 - 0x00007ff9ddc72000 	C:\WINDOWS\System32\DriverStore\FileRepository\nv_dispi.inf_amd64_47917a79b8c7fd22\nvopencl64.dll
0x00007ffa62e80000 - 0x00007ffa62e92000 	C:\WINDOWS\SYSTEM32\msasn1.dll
0x00007ffa59f20000 - 0x00007ffa59f51000 	C:\WINDOWS\SYSTEM32\cryptnet.dll
0x00007ffa635d0000 - 0x00007ffa63726000 	C:\WINDOWS\System32\CRYPT32.dll
0x00007ffa59c90000 - 0x00007ffa59dd8000 	C:\WINDOWS\SYSTEM32\drvstore.dll
0x00007ffa63040000 - 0x00007ffa6306c000 	C:\WINDOWS\SYSTEM32\devobj.dll
0x00007ffa62c60000 - 0x00007ffa62c6c000 	C:\WINDOWS\SYSTEM32\cryptbase.dll
0x00007ffa52500000 - 0x00007ffa52c48000 	C:\WINDOWS\SYSTEM32\nvapi64.dll
0x00007ffa644f0000 - 0x00007ffa6495f000 	C:\WINDOWS\System32\SETUPAPI.dll
0x00007ffa63760000 - 0x00007ffa63787000 	C:\WINDOWS\System32\bcrypt.dll

dbghelp: loaded successfully - version: 4.0.5 - missing functions: none
symbol engine: initialized successfully - sym options: 0x614 - pdb path: .;C:\Users\richa\.jdks\openjdk-19\bin;C:\WINDOWS\SYSTEM32;C:\WINDOWS\WinSxS\amd64_microsoft.windows.common-controls_6595b64144ccf1df_6.0.19041.1110_none_60b5254171f9507e;C:\Users\richa\.jdks\openjdk-19\bin\server;C:\Program Files\JetBrains\IntelliJ IDEA Community Edition 2021.2.3\bin;D:\Dokumenty\workplace\idea-workplace\License Plate Recognition;C:\WINDOWS\System32\DriverStore\FileRepository\nv_dispi.inf_amd64_47917a79b8c7fd22

VM Arguments:
jvm_args: -javaagent:C:\Program Files\JetBrains\IntelliJ IDEA Community Edition 2021.2.3\lib\idea_rt.jar=51058:C:\Program Files\JetBrains\IntelliJ IDEA Community Edition 2021.2.3\bin -Dfile.encoding=UTF-8 
java_command: com.lpr.Main
java_class_path (initial): D:\Dokumenty\workplace\idea-workplace\License Plate Recognition\out\production\License Plate Recognition
Launcher Type: SUN_STANDARD

[Global flags]
     intx CICompilerCount                          = 4                                         {product} {ergonomic}
     uint ConcGCThreads                            = 2                                         {product} {ergonomic}
     uint G1ConcRefinementThreads                  = 8                                         {product} {ergonomic}
   size_t G1HeapRegionSize                         = 2097152                                   {product} {ergonomic}
    uintx GCDrainStackTargetSize                   = 64                                        {product} {ergonomic}
   size_t InitialHeapSize                          = 268435456                                 {product} {ergonomic}
   size_t MarkStackSize                            = 4194304                                   {product} {ergonomic}
   size_t MaxHeapSize                              = 4280287232                                {product} {ergonomic}
   size_t MaxNewSize                               = 2566914048                                {product} {ergonomic}
   size_t MinHeapDeltaBytes                        = 2097152                                   {product} {ergonomic}
   size_t MinHeapSize                              = 8388608                                   {product} {ergonomic}
    uintx NonNMethodCodeHeapSize                   = 5839372                                {pd product} {ergonomic}
    uintx NonProfiledCodeHeapSize                  = 122909434                              {pd product} {ergonomic}
    uintx ProfiledCodeHeapSize                     = 122909434                              {pd product} {ergonomic}
    uintx ReservedCodeCacheSize                    = 251658240                              {pd product} {ergonomic}
     bool SegmentedCodeCache                       = true                                      {product} {ergonomic}
   size_t SoftMaxHeapSize                          = 4280287232                             {manageable} {ergonomic}
     bool UseCompressedClassPointers               = true                           {product lp64_product} {ergonomic}
     bool UseCompressedOops                        = true                           {product lp64_product} {ergonomic}
     bool UseG1GC                                  = true                                      {product} {ergonomic}
     bool UseLargePagesIndividualAllocation        = false                                  {pd product} {ergonomic}

Logging:
Log output configuration:
 #0: stdout all=warning uptime,level,tags foldmultilines=false
 #1: stderr all=off uptime,level,tags foldmultilines=false

Environment Variables:
PATH=C:\Program Files\Common Files\Oracle\Java\javapath;C:\Program Files (x86)\Intel\iCLS Client\;C:\Program Files (x86)\Common Files\Intel\Shared Libraries\redist\intel64\compiler;C:\Program Files (x86)\Common Files\Oracle\Java\javapath;c:\programdata\oracle\java\javapath;c:\program files\intel\icls client\;c:\windows\system32;c:\windows;c:\windows\system32\wbem;c:\windows\system32\windowspowershell\v1.0\;c:\program files (x86)\windows live\shared;c:\windows\system32\openssh\;C:\Program Files (x86)\NVIDIA Corporation\PhysX\Common;C:\Program Files\dotnet\;C:\WINDOWS\system32;C:\WINDOWS;C:\WINDOWS\System32\Wbem;C:\WINDOWS\System32\WindowsPowerShell\v1.0\;C:\WINDOWS\System32\OpenSSH\;C:\Program Files\NVIDIA Corporation\NVIDIA NvDLISR;C:\Program Files (x86)\dotnet\;C:\Program Files (x86)\Intel\Intel(R) Management Engine Components\DAL;C:\Program Files\Intel\Intel(R) Management Engine Components\DAL;C:\Program Files (x86)\Intel\Intel(R) Management Engine Components\IPT;C:\Program Files\Intel\Intel(R) Management Engine Components\IPT;C:\Program Files\Microsoft SQL Server\130\Tools\Binn\;D:\Ostatní\Git\cmd;C:\Program Files\nodejs\;C:\Program Files (x86)\Microsoft SQL Server\150\DTS\Binn\;C:\Program Files\Azure Data Studio\bin;C:\Users\richa\AppData\Local\Microsoft\WindowsApps;C:\Users\richa\AppData\Local\Microsoft\WindowsApps;C:\Users\richa\.dotnet\tools;C:\Users\richa\AppData\Local\Programs\Microsoft VS Code\bin;C:\Users\richa\AppData\Roaming\npm;C:\Program Files\Azure Data Studio\bin
USERNAME=richard
OS=Windows_NT
PROCESSOR_IDENTIFIER=Intel64 Family 6 Model 94 Stepping 3, GenuineIntel
TMP=C:\Users\richa\AppData\Local\Temp
TEMP=C:\Users\richa\AppData\Local\Temp



---------------  S Y S T E M  ---------------

OS:
 Windows 10 , 64 bit Build 19041 (10.0.19041.1889)
OS uptime: 1 days 6:54 hours

CPU: total 8 (initial active 8) (4 cores per cpu, 2 threads per core) family 6 model 94 stepping 3 microcode 0xcc, cx8, cmov, fxsr, ht, mmx, 3dnowpref, sse, sse2, sse3, ssse3, sse4.1, sse4.2, popcnt, lzcnt, tsc, tscinvbit, avx, avx2, aes, erms, clmul, bmi1, bmi2, rtm, adx, fma, vzeroupper, clflush, clflushopt, rdtscp

Memory: 4k page, system-wide physical 16324M (2913M free)
TotalPageFile size 25816M (AvailPageFile size 3368M)
current process WorkingSet (physical memory assigned to process): 185M, peak: 185M
current process commit charge ("private bytes"): 577M, peak: 577M

vm_info: OpenJDK 64-Bit Server VM (19+36-2238) for windows-amd64 JRE (19+36-2238), built on 2022-08-12T20:29:01Z by "mach5one" with MS VC++ 17.1 (VS2022)

END.
